  Iplib.c
d:\대학교 파일\4학년 1학기\영상처리\assignment\assignment_code\image-processing\assignment_4\srsc\iplib.c(83): warning C4244: '=': 'float'에서 'int'(으)로 변환하면서 데이터가 손실될 수 있습니다.
d:\대학교 파일\4학년 1학기\영상처리\assignment\assignment_code\image-processing\assignment_4\srsc\iplib.c(44): warning C4996: 'fopen': This function or variable may be unsafe. Consider using fopen_s instead. To disable deprecation, use _CRT_SECURE_NO_WARNINGS. See online help for details.
  c:\program files (x86)\windows kits\10\include\10.0.17763.0\ucrt\stdio.h(208): note: 'fopen' 선언을 참조하십시오.
d:\대학교 파일\4학년 1학기\영상처리\assignment\assignment_code\image-processing\assignment_4\srsc\iplib.c(215): warning C4244: '=': 'float'에서 'int'(으)로 변환하면서 데이터가 손실될 수 있습니다.
d:\대학교 파일\4학년 1학기\영상처리\assignment\assignment_code\image-processing\assignment_4\srsc\iplib.c(204): warning C4996: 'fopen': This function or variable may be unsafe. Consider using fopen_s instead. To disable deprecation, use _CRT_SECURE_NO_WARNINGS. See online help for details.
  c:\program files (x86)\windows kits\10\include\10.0.17763.0\ucrt\stdio.h(208): note: 'fopen' 선언을 참조하십시오.
d:\대학교 파일\4학년 1학기\영상처리\assignment\assignment_code\image-processing\assignment_4\srsc\iplib.c(288): warning C4244: '=': 'float'에서 'unsigned long'(으)로 변환하면서 데이터가 손실될 수 있습니다.
d:\대학교 파일\4학년 1학기\영상처리\assignment\assignment_code\image-processing\assignment_4\srsc\iplib.c(250): warning C4996: 'fopen': This function or variable may be unsafe. Consider using fopen_s instead. To disable deprecation, use _CRT_SECURE_NO_WARNINGS. See online help for details.
  c:\program files (x86)\windows kits\10\include\10.0.17763.0\ucrt\stdio.h(208): note: 'fopen' 선언을 참조하십시오.
d:\대학교 파일\4학년 1학기\영상처리\assignment\assignment_code\image-processing\assignment_4\srsc\iplib.c(309): warning C4996: 'fopen': This function or variable may be unsafe. Consider using fopen_s instead. To disable deprecation, use _CRT_SECURE_NO_WARNINGS. See online help for details.
  c:\program files (x86)\windows kits\10\include\10.0.17763.0\ucrt\stdio.h(208): note: 'fopen' 선언을 참조하십시오.
d:\대학교 파일\4학년 1학기\영상처리\assignment\assignment_code\image-processing\assignment_4\srsc\iplib.c(384): warning C4018: '<': signed 또는 unsigned가 일치하지 않습니다.
d:\대학교 파일\4학년 1학기\영상처리\assignment\assignment_code\image-processing\assignment_4\srsc\iplib.c(387): warning C4018: '<': signed 또는 unsigned가 일치하지 않습니다.
d:\대학교 파일\4학년 1학기\영상처리\assignment\assignment_code\image-processing\assignment_4\srsc\iplib.c(361): warning C4996: 'fopen': This function or variable may be unsafe. Consider using fopen_s instead. To disable deprecation, use _CRT_SECURE_NO_WARNINGS. See online help for details.
  c:\program files (x86)\windows kits\10\include\10.0.17763.0\ucrt\stdio.h(208): note: 'fopen' 선언을 참조하십시오.
d:\대학교 파일\4학년 1학기\영상처리\assignment\assignment_code\image-processing\assignment_4\srsc\iplib.c(442): warning C4018: '<': signed 또는 unsigned가 일치하지 않습니다.
d:\대학교 파일\4학년 1학기\영상처리\assignment\assignment_code\image-processing\assignment_4\srsc\iplib.c(445): warning C4018: '<': signed 또는 unsigned가 일치하지 않습니다.
d:\대학교 파일\4학년 1학기\영상처리\assignment\assignment_code\image-processing\assignment_4\srsc\iplib.c(420): warning C4996: 'fopen': This function or variable may be unsafe. Consider using fopen_s instead. To disable deprecation, use _CRT_SECURE_NO_WARNINGS. See online help for details.
  c:\program files (x86)\windows kits\10\include\10.0.17763.0\ucrt\stdio.h(208): note: 'fopen' 선언을 참조하십시오.
d:\대학교 파일\4학년 1학기\영상처리\assignment\assignment_code\image-processing\assignment_4\srsc\iplib.c(416): warning C4101: 'X_Source' :참조되지 않은 지역 변수입니다.
d:\대학교 파일\4학년 1학기\영상처리\assignment\assignment_code\image-processing\assignment_4\srsc\iplib.c(416): warning C4101: 'Y_Source' :참조되지 않은 지역 변수입니다.
d:\대학교 파일\4학년 1학기\영상처리\assignment\assignment_code\image-processing\assignment_4\srsc\iplib.c(491): warning C4244: '함수': 'float'에서 'int'(으)로 변환하면서 데이터가 손실될 수 있습니다.
d:\대학교 파일\4학년 1학기\영상처리\assignment\assignment_code\image-processing\assignment_4\srsc\iplib.c(491): warning C4244: '초기화 중': 'int'에서 'float'(으)로 변환하면서 데이터가 손실될 수 있습니다.
d:\대학교 파일\4학년 1학기\영상처리\assignment\assignment_code\image-processing\assignment_4\srsc\iplib.c(551): warning C4018: '<': signed 또는 unsigned가 일치하지 않습니다.
d:\대학교 파일\4학년 1학기\영상처리\assignment\assignment_code\image-processing\assignment_4\srsc\iplib.c(553): warning C4018: '<': signed 또는 unsigned가 일치하지 않습니다.
d:\대학교 파일\4학년 1학기\영상처리\assignment\assignment_code\image-processing\assignment_4\srsc\iplib.c(528): warning C4996: 'fopen': This function or variable may be unsafe. Consider using fopen_s instead. To disable deprecation, use _CRT_SECURE_NO_WARNINGS. See online help for details.
  c:\program files (x86)\windows kits\10\include\10.0.17763.0\ucrt\stdio.h(208): note: 'fopen' 선언을 참조하십시오.
  output.vcxproj -> D:\대학교 파일\4학년 1학기\영상처리\assignment\assignment_code\image-processing\Assignment_4\SRSC\Debug\output.exe
