  Iplib.c
d:\대학교 파일\4학년 1학기\영상처리\assignment\assignment_code\image-processing\assignment_5\srsc\iplib.c(85): warning C4244: '=': 'float'에서 'int'(으)로 변환하면서 데이터가 손실될 수 있습니다.
d:\대학교 파일\4학년 1학기\영상처리\assignment\assignment_code\image-processing\assignment_5\srsc\iplib.c(46): warning C4996: 'fopen': This function or variable may be unsafe. Consider using fopen_s instead. To disable deprecation, use _CRT_SECURE_NO_WARNINGS. See online help for details.
  c:\program files (x86)\windows kits\10\include\10.0.17763.0\ucrt\stdio.h(208): note: 'fopen' 선언을 참조하십시오.
d:\대학교 파일\4학년 1학기\영상처리\assignment\assignment_code\image-processing\assignment_5\srsc\iplib.c(217): warning C4244: '=': 'float'에서 'int'(으)로 변환하면서 데이터가 손실될 수 있습니다.
d:\대학교 파일\4학년 1학기\영상처리\assignment\assignment_code\image-processing\assignment_5\srsc\iplib.c(206): warning C4996: 'fopen': This function or variable may be unsafe. Consider using fopen_s instead. To disable deprecation, use _CRT_SECURE_NO_WARNINGS. See online help for details.
  c:\program files (x86)\windows kits\10\include\10.0.17763.0\ucrt\stdio.h(208): note: 'fopen' 선언을 참조하십시오.
d:\대학교 파일\4학년 1학기\영상처리\assignment\assignment_code\image-processing\assignment_5\srsc\iplib.c(290): warning C4244: '=': 'float'에서 'unsigned long'(으)로 변환하면서 데이터가 손실될 수 있습니다.
d:\대학교 파일\4학년 1학기\영상처리\assignment\assignment_code\image-processing\assignment_5\srsc\iplib.c(252): warning C4996: 'fopen': This function or variable may be unsafe. Consider using fopen_s instead. To disable deprecation, use _CRT_SECURE_NO_WARNINGS. See online help for details.
  c:\program files (x86)\windows kits\10\include\10.0.17763.0\ucrt\stdio.h(208): note: 'fopen' 선언을 참조하십시오.
d:\대학교 파일\4학년 1학기\영상처리\assignment\assignment_code\image-processing\assignment_5\srsc\iplib.c(311): warning C4996: 'fopen': This function or variable may be unsafe. Consider using fopen_s instead. To disable deprecation, use _CRT_SECURE_NO_WARNINGS. See online help for details.
  c:\program files (x86)\windows kits\10\include\10.0.17763.0\ucrt\stdio.h(208): note: 'fopen' 선언을 참조하십시오.
d:\대학교 파일\4학년 1학기\영상처리\assignment\assignment_code\image-processing\assignment_5\srsc\iplib.c(386): warning C4018: '<': signed 또는 unsigned가 일치하지 않습니다.
d:\대학교 파일\4학년 1학기\영상처리\assignment\assignment_code\image-processing\assignment_5\srsc\iplib.c(389): warning C4018: '<': signed 또는 unsigned가 일치하지 않습니다.
d:\대학교 파일\4학년 1학기\영상처리\assignment\assignment_code\image-processing\assignment_5\srsc\iplib.c(363): warning C4996: 'fopen': This function or variable may be unsafe. Consider using fopen_s instead. To disable deprecation, use _CRT_SECURE_NO_WARNINGS. See online help for details.
  c:\program files (x86)\windows kits\10\include\10.0.17763.0\ucrt\stdio.h(208): note: 'fopen' 선언을 참조하십시오.
d:\대학교 파일\4학년 1학기\영상처리\assignment\assignment_code\image-processing\assignment_5\srsc\iplib.c(444): warning C4018: '<': signed 또는 unsigned가 일치하지 않습니다.
d:\대학교 파일\4학년 1학기\영상처리\assignment\assignment_code\image-processing\assignment_5\srsc\iplib.c(447): warning C4018: '<': signed 또는 unsigned가 일치하지 않습니다.
d:\대학교 파일\4학년 1학기\영상처리\assignment\assignment_code\image-processing\assignment_5\srsc\iplib.c(422): warning C4996: 'fopen': This function or variable may be unsafe. Consider using fopen_s instead. To disable deprecation, use _CRT_SECURE_NO_WARNINGS. See online help for details.
  c:\program files (x86)\windows kits\10\include\10.0.17763.0\ucrt\stdio.h(208): note: 'fopen' 선언을 참조하십시오.
d:\대학교 파일\4학년 1학기\영상처리\assignment\assignment_code\image-processing\assignment_5\srsc\iplib.c(418): warning C4101: 'X_Source' :참조되지 않은 지역 변수입니다.
d:\대학교 파일\4학년 1학기\영상처리\assignment\assignment_code\image-processing\assignment_5\srsc\iplib.c(418): warning C4101: 'Y_Source' :참조되지 않은 지역 변수입니다.
d:\대학교 파일\4학년 1학기\영상처리\assignment\assignment_code\image-processing\assignment_5\srsc\iplib.c(493): warning C4244: '함수': 'float'에서 'int'(으)로 변환하면서 데이터가 손실될 수 있습니다.
d:\대학교 파일\4학년 1학기\영상처리\assignment\assignment_code\image-processing\assignment_5\srsc\iplib.c(493): warning C4244: '초기화 중': 'int'에서 'float'(으)로 변환하면서 데이터가 손실될 수 있습니다.
d:\대학교 파일\4학년 1학기\영상처리\assignment\assignment_code\image-processing\assignment_5\srsc\iplib.c(553): warning C4018: '<': signed 또는 unsigned가 일치하지 않습니다.
d:\대학교 파일\4학년 1학기\영상처리\assignment\assignment_code\image-processing\assignment_5\srsc\iplib.c(555): warning C4018: '<': signed 또는 unsigned가 일치하지 않습니다.
d:\대학교 파일\4학년 1학기\영상처리\assignment\assignment_code\image-processing\assignment_5\srsc\iplib.c(530): warning C4996: 'fopen': This function or variable may be unsafe. Consider using fopen_s instead. To disable deprecation, use _CRT_SECURE_NO_WARNINGS. See online help for details.
  c:\program files (x86)\windows kits\10\include\10.0.17763.0\ucrt\stdio.h(208): note: 'fopen' 선언을 참조하십시오.
d:\대학교 파일\4학년 1학기\영상처리\assignment\assignment_code\image-processing\assignment_5\srsc\iplib.c(635): warning C4013: 'open'이(가) 정의되지 않았습니다. extern은 int형을 반환하는 것으로 간주합니다.
d:\대학교 파일\4학년 1학기\영상처리\assignment\assignment_code\image-processing\assignment_5\srsc\iplib.c(641): warning C4013: 'read'이(가) 정의되지 않았습니다. extern은 int형을 반환하는 것으로 간주합니다.
d:\대학교 파일\4학년 1학기\영상처리\assignment\assignment_code\image-processing\assignment_5\srsc\iplib.c(658): warning C4013: 'close'이(가) 정의되지 않았습니다. extern은 int형을 반환하는 것으로 간주합니다.
d:\대학교 파일\4학년 1학기\영상처리\assignment\assignment_code\image-processing\assignment_5\srsc\iplib.c(691): warning C4018: '<': signed 또는 unsigned가 일치하지 않습니다.
d:\대학교 파일\4학년 1학기\영상처리\assignment\assignment_code\image-processing\assignment_5\srsc\iplib.c(667): warning C4996: 'fopen': This function or variable may be unsafe. Consider using fopen_s instead. To disable deprecation, use _CRT_SECURE_NO_WARNINGS. See online help for details.
  c:\program files (x86)\windows kits\10\include\10.0.17763.0\ucrt\stdio.h(208): note: 'fopen' 선언을 참조하십시오.
d:\대학교 파일\4학년 1학기\영상처리\assignment\assignment_code\image-processing\assignment_5\srsc\iplib.c(673): warning C4996: 'fopen': This function or variable may be unsafe. Consider using fopen_s instead. To disable deprecation, use _CRT_SECURE_NO_WARNINGS. See online help for details.
  c:\program files (x86)\windows kits\10\include\10.0.17763.0\ucrt\stdio.h(208): note: 'fopen' 선언을 참조하십시오.
  output.vcxproj -> D:\대학교 파일\4학년 1학기\영상처리\assignment\assignment_code\image-processing\Assignment_5\SRSC\Debug\output.exe
